Analysis & Synthesis report for vendingMachine
Fri Oct 18 10:40:04 2024
Quartus Prime Version 23.1std.1 Build 993 05/14/2024 SC Lite Edition


---------------------
; Table of Contents ;
---------------------
  1. Legal Notice
  2. Analysis & Synthesis Summary
  3. Analysis & Synthesis Settings
  4. Parallel Compilation
  5. Analysis & Synthesis Source Files Read
  6. Analysis & Synthesis Resource Usage Summary
  7. Analysis & Synthesis Resource Utilization by Entity
  8. General Register Statistics
  9. Multiplexer Restructuring Statistics (Restructuring Performed)
 10. Parameter Settings for User Entity Instance: debouncer:clock_clk
 11. Parameter Settings for User Entity Instance: debouncer:reset_d
 12. Parameter Settings for User Entity Instance: all_dffs:dffs|debouncer:db_inst
 13. Port Connectivity Checks: "change_s:changeDiS"
 14. Port Connectivity Checks: "outputResult:output_result_inst"
 15. Port Connectivity Checks: "all_dffs:dffs|D_FF_neg:D3"
 16. Port Connectivity Checks: "all_dffs:dffs|D_FF_neg:D2"
 17. Port Connectivity Checks: "all_dffs:dffs|D_FF_neg:D1"
 18. Port Connectivity Checks: "all_dffs:dffs|D_FF_neg:D0"
 19. Post-Synthesis Netlist Statistics for Top Partition
 20. Elapsed Time Per Partition
 21. Analysis & Synthesis Messages



----------------
; Legal Notice ;
----------------
Copyright (C) 2024  Intel Corporation. All rights reserved.
Your use of Intel Corporation's design tools, logic functions 
and other software and tools, and any partner logic 
functions, and any output files from any of the foregoing 
(including device programming or simulation files), and any 
associated documentation or information are expressly subject 
to the terms and conditions of the Intel Program License 
Subscription Agreement, the Intel Quartus Prime License Agreement,
the Intel FPGA IP License Agreement, or other applicable license
agreement, including, without limitation, that your use is for
the sole purpose of programming logic devices manufactured by
Intel and sold by Intel or its authorized distributors.  Please
refer to the applicable agreement for further details, at
https://fpgasoftware.intel.com/eula.



+-------------------------------------------------------------------------------------+
; Analysis & Synthesis Summary                                                        ;
+------------------------------------+------------------------------------------------+
; Analysis & Synthesis Status        ; Successful - Fri Oct 18 10:40:04 2024          ;
; Quartus Prime Version              ; 23.1std.1 Build 993 05/14/2024 SC Lite Edition ;
; Revision Name                      ; vendingMachine                                 ;
; Top-level Entity Name              ; vendingMachine                                 ;
; Family                             ; MAX 10                                         ;
; Total logic elements               ; 98                                             ;
;     Total combinational functions  ; 98                                             ;
;     Dedicated logic registers      ; 55                                             ;
; Total registers                    ; 55                                             ;
; Total pins                         ; 28                                             ;
; Total virtual pins                 ; 0                                              ;
; Total memory bits                  ; 0                                              ;
; Embedded Multiplier 9-bit elements ; 0                                              ;
; Total PLLs                         ; 0                                              ;
; UFM blocks                         ; 0                                              ;
; ADC blocks                         ; 0                                              ;
+------------------------------------+------------------------------------------------+


+------------------------------------------------------------------------------------------------------------+
; Analysis & Synthesis Settings                                                                              ;
+------------------------------------------------------------------+--------------------+--------------------+
; Option                                                           ; Setting            ; Default Value      ;
+------------------------------------------------------------------+--------------------+--------------------+
; Device                                                           ; 10M50DAF484C7G     ;                    ;
; Top-level entity name                                            ; vendingMachine     ; vendingMachine     ;
; Family name                                                      ; MAX 10             ; Cyclone V          ;
; Use smart compilation                                            ; Off                ; Off                ;
; Enable parallel Assembler and Timing Analyzer during compilation ; On                 ; On                 ;
; Enable compact report table                                      ; Off                ; Off                ;
; Restructure Multiplexers                                         ; Auto               ; Auto               ;
; Create Debugging Nodes for IP Cores                              ; Off                ; Off                ;
; Preserve fewer node names                                        ; On                 ; On                 ;
; Intel FPGA IP Evaluation Mode                                    ; Enable             ; Enable             ;
; Verilog Version                                                  ; Verilog_2001       ; Verilog_2001       ;
; VHDL Version                                                     ; VHDL_1993          ; VHDL_1993          ;
; State Machine Processing                                         ; Auto               ; Auto               ;
; Safe State Machine                                               ; Off                ; Off                ;
; Extract Verilog State Machines                                   ; On                 ; On                 ;
; Extract VHDL State Machines                                      ; On                 ; On                 ;
; Ignore Verilog initial constructs                                ; Off                ; Off                ;
; Iteration limit for constant Verilog loops                       ; 5000               ; 5000               ;
; Iteration limit for non-constant Verilog loops                   ; 250                ; 250                ;
; Add Pass-Through Logic to Inferred RAMs                          ; On                 ; On                 ;
; Infer RAMs from Raw Logic                                        ; On                 ; On                 ;
; Parallel Synthesis                                               ; On                 ; On                 ;
; DSP Block Balancing                                              ; Auto               ; Auto               ;
; NOT Gate Push-Back                                               ; On                 ; On                 ;
; Power-Up Don't Care                                              ; On                 ; On                 ;
; Remove Redundant Logic Cells                                     ; Off                ; Off                ;
; Remove Duplicate Registers                                       ; On                 ; On                 ;
; Ignore CARRY Buffers                                             ; Off                ; Off                ;
; Ignore CASCADE Buffers                                           ; Off                ; Off                ;
; Ignore GLOBAL Buffers                                            ; Off                ; Off                ;
; Ignore ROW GLOBAL Buffers                                        ; Off                ; Off                ;
; Ignore LCELL Buffers                                             ; Off                ; Off                ;
; Ignore SOFT Buffers                                              ; On                 ; On                 ;
; Limit AHDL Integers to 32 Bits                                   ; Off                ; Off                ;
; Optimization Technique                                           ; Balanced           ; Balanced           ;
; Carry Chain Length                                               ; 70                 ; 70                 ;
; Auto Carry Chains                                                ; On                 ; On                 ;
; Auto Open-Drain Pins                                             ; On                 ; On                 ;
; Perform WYSIWYG Primitive Resynthesis                            ; Off                ; Off                ;
; Auto ROM Replacement                                             ; On                 ; On                 ;
; Auto RAM Replacement                                             ; On                 ; On                 ;
; Auto DSP Block Replacement                                       ; On                 ; On                 ;
; Auto Shift Register Replacement                                  ; Auto               ; Auto               ;
; Allow Shift Register Merging across Hierarchies                  ; Auto               ; Auto               ;
; Auto Clock Enable Replacement                                    ; On                 ; On                 ;
; Strict RAM Replacement                                           ; Off                ; Off                ;
; Allow Synchronous Control Signals                                ; On                 ; On                 ;
; Force Use of Synchronous Clear Signals                           ; Off                ; Off                ;
; Auto RAM Block Balancing                                         ; On                 ; On                 ;
; Auto RAM to Logic Cell Conversion                                ; Off                ; Off                ;
; Auto Resource Sharing                                            ; Off                ; Off                ;
; Allow Any RAM Size For Recognition                               ; Off                ; Off                ;
; Allow Any ROM Size For Recognition                               ; Off                ; Off                ;
; Allow Any Shift Register Size For Recognition                    ; Off                ; Off                ;
; Use LogicLock Constraints during Resource Balancing              ; On                 ; On                 ;
; Ignore translate_off and synthesis_off directives                ; Off                ; Off                ;
; Timing-Driven Synthesis                                          ; On                 ; On                 ;
; Report Parameter Settings                                        ; On                 ; On                 ;
; Report Source Assignments                                        ; On                 ; On                 ;
; Report Connectivity Checks                                       ; On                 ; On                 ;
; Ignore Maximum Fan-Out Assignments                               ; Off                ; Off                ;
; Synchronization Register Chain Length                            ; 2                  ; 2                  ;
; Power Optimization During Synthesis                              ; Normal compilation ; Normal compilation ;
; HDL message level                                                ; Level2             ; Level2             ;
; Suppress Register Optimization Related Messages                  ; Off                ; Off                ;
; Number of Removed Registers Reported in Synthesis Report         ; 5000               ; 5000               ;
; Number of Swept Nodes Reported in Synthesis Report               ; 5000               ; 5000               ;
; Number of Inverted Registers Reported in Synthesis Report        ; 100                ; 100                ;
; Clock MUX Protection                                             ; On                 ; On                 ;
; Auto Gated Clock Conversion                                      ; Off                ; Off                ;
; Block Design Naming                                              ; Auto               ; Auto               ;
; SDC constraint protection                                        ; Off                ; Off                ;
; Synthesis Effort                                                 ; Auto               ; Auto               ;
; Shift Register Replacement - Allow Asynchronous Clear Signal     ; On                 ; On                 ;
; Pre-Mapping Resynthesis Optimization                             ; Off                ; Off                ;
; Analysis & Synthesis Message Level                               ; Medium             ; Medium             ;
; Disable Register Merging Across Hierarchies                      ; Auto               ; Auto               ;
; Resource Aware Inference For Block RAM                           ; On                 ; On                 ;
+------------------------------------------------------------------+--------------------+--------------------+


+------------------------------------------+
; Parallel Compilation                     ;
+----------------------------+-------------+
; Processors                 ; Number      ;
+----------------------------+-------------+
; Number detected on machine ; 4           ;
; Maximum allowed            ; 2           ;
;                            ;             ;
; Average used               ; 1.00        ;
; Maximum used               ; 2           ;
;                            ;             ;
; Usage by Processor         ; % Time Used ;
;     Processor 1            ; 100.0%      ;
;     Processor 2            ;   0.0%      ;
+----------------------------+-------------+


+-------------------------------------------------------------------------------------------------------------------------------------+
; Analysis & Synthesis Source Files Read                                                                                              ;
+----------------------------------+-----------------+------------------------------+---------------------------------------+---------+
; File Name with User-Entered Path ; Used in Netlist ; File Type                    ; File Name with Absolute Path          ; Library ;
+----------------------------------+-----------------+------------------------------+---------------------------------------+---------+
; debouncer.sv                     ; yes             ; User SystemVerilog HDL File  ; D:/project1/debouncer.sv              ;         ;
; vendingMachine.sv                ; yes             ; User SystemVerilog HDL File  ; D:/project1/vendingMachine.sv         ;         ;
; encoder.sv                       ; yes             ; User SystemVerilog HDL File  ; D:/project1/encoder.sv                ;         ;
; output_files/seven_seg.sv        ; yes             ; User SystemVerilog HDL File  ; D:/project1/output_files/seven_seg.sv ;         ;
; output_files/dec416.sv           ; yes             ; User SystemVerilog HDL File  ; D:/project1/output_files/dec416.sv    ;         ;
; state.sv                         ; yes             ; User SystemVerilog HDL File  ; D:/project1/state.sv                  ;         ;
; outputResult.sv                  ; yes             ; User SystemVerilog HDL File  ; D:/project1/outputResult.sv           ;         ;
; D_FF_neg.sv                      ; yes             ; User SystemVerilog HDL File  ; D:/project1/D_FF_neg.sv               ;         ;
; change_s.sv                      ; yes             ; User SystemVerilog HDL File  ; D:/project1/change_s.sv               ;         ;
; grueld416.sv                     ; yes             ; User SystemVerilog HDL File  ; D:/project1/grueld416.sv              ;         ;
; all_dffs.sv                      ; yes             ; User SystemVerilog HDL File  ; D:/project1/all_dffs.sv               ;         ;
+----------------------------------+-----------------+------------------------------+---------------------------------------+---------+


+-----------------------------------------------------------------+
; Analysis & Synthesis Resource Usage Summary                     ;
+---------------------------------------------+-------------------+
; Resource                                    ; Usage             ;
+---------------------------------------------+-------------------+
; Estimated Total logic elements              ; 98                ;
;                                             ;                   ;
; Total combinational functions               ; 98                ;
; Logic element usage by number of LUT inputs ;                   ;
;     -- 4 input functions                    ; 35                ;
;     -- 3 input functions                    ; 14                ;
;     -- <=2 input functions                  ; 49                ;
;                                             ;                   ;
; Logic elements by mode                      ;                   ;
;     -- normal mode                          ; 53                ;
;     -- arithmetic mode                      ; 45                ;
;                                             ;                   ;
; Total registers                             ; 55                ;
;     -- Dedicated logic registers            ; 55                ;
;     -- I/O registers                        ; 0                 ;
;                                             ;                   ;
; I/O pins                                    ; 28                ;
;                                             ;                   ;
; Embedded Multiplier 9-bit elements          ; 0                 ;
;                                             ;                   ;
; Maximum fan-out node                        ; clock_50MHz~input ;
; Maximum fan-out                             ; 51                ;
; Total fan-out                               ; 487               ;
; Average fan-out                             ; 2.33              ;
+---------------------------------------------+-------------------+


+---------------------------------------------------------------------------------------------------------------------------------------------------------------------------------------------------------------------------------------------------------------------------------------------+
; Analysis & Synthesis Resource Utilization by Entity                                                                                                                                                                                                                                         ;
+--------------------------------------+---------------------+---------------------------+-------------+------------+--------------+---------+-----------+------+--------------+------------+-----------------------------------------------------------------+----------------+--------------+
; Compilation Hierarchy Node           ; Combinational ALUTs ; Dedicated Logic Registers ; Memory Bits ; UFM Blocks ; DSP Elements ; DSP 9x9 ; DSP 18x18 ; Pins ; Virtual Pins ; ADC blocks ; Full Hierarchy Name                                             ; Entity Name    ; Library Name ;
+--------------------------------------+---------------------+---------------------------+-------------+------------+--------------+---------+-----------+------+--------------+------------+-----------------------------------------------------------------+----------------+--------------+
; |vendingMachine                      ; 98 (0)              ; 55 (0)                    ; 0           ; 0          ; 0            ; 0       ; 0         ; 28   ; 0            ; 0          ; |vendingMachine                                                 ; vendingMachine ; work         ;
;    |all_dffs:dffs|                   ; 23 (0)              ; 21 (0)                    ; 0           ; 0          ; 0            ; 0       ; 0         ; 0    ; 0            ; 0          ; |vendingMachine|all_dffs:dffs                                   ; all_dffs       ; work         ;
;       |D_FF_neg:D0|                  ; 0 (0)               ; 1 (1)                     ; 0           ; 0          ; 0            ; 0       ; 0         ; 0    ; 0            ; 0          ; |vendingMachine|all_dffs:dffs|D_FF_neg:D0                       ; D_FF_neg       ; work         ;
;       |D_FF_neg:D1|                  ; 0 (0)               ; 1 (1)                     ; 0           ; 0          ; 0            ; 0       ; 0         ; 0    ; 0            ; 0          ; |vendingMachine|all_dffs:dffs|D_FF_neg:D1                       ; D_FF_neg       ; work         ;
;       |D_FF_neg:D2|                  ; 0 (0)               ; 1 (1)                     ; 0           ; 0          ; 0            ; 0       ; 0         ; 0    ; 0            ; 0          ; |vendingMachine|all_dffs:dffs|D_FF_neg:D2                       ; D_FF_neg       ; work         ;
;       |D_FF_neg:D3|                  ; 0 (0)               ; 1 (1)                     ; 0           ; 0          ; 0            ; 0       ; 0         ; 0    ; 0            ; 0          ; |vendingMachine|all_dffs:dffs|D_FF_neg:D3                       ; D_FF_neg       ; work         ;
;       |debouncer:db_inst|            ; 23 (23)             ; 17 (17)                   ; 0           ; 0          ; 0            ; 0       ; 0         ; 0    ; 0            ; 0          ; |vendingMachine|all_dffs:dffs|debouncer:db_inst                 ; debouncer      ; work         ;
;    |debouncer:clock_clk|             ; 22 (22)             ; 17 (17)                   ; 0           ; 0          ; 0            ; 0       ; 0         ; 0    ; 0            ; 0          ; |vendingMachine|debouncer:clock_clk                             ; debouncer      ; work         ;
;    |debouncer:reset_d|               ; 22 (22)             ; 17 (17)                   ; 0           ; 0          ; 0            ; 0       ; 0         ; 0    ; 0            ; 0          ; |vendingMachine|debouncer:reset_d                               ; debouncer      ; work         ;
;    |encoder:enc|                     ; 2 (2)               ; 0 (0)                     ; 0           ; 0          ; 0            ; 0       ; 0         ; 0    ; 0            ; 0          ; |vendingMachine|encoder:enc                                     ; encoder        ; work         ;
;    |grueld416:decoder_inst|          ; 1 (1)               ; 0 (0)                     ; 0           ; 0          ; 0            ; 0       ; 0         ; 0    ; 0            ; 0          ; |vendingMachine|grueld416:decoder_inst                          ; grueld416      ; work         ;
;    |outputResult:output_result_inst| ; 13 (0)              ; 0 (0)                     ; 0           ; 0          ; 0            ; 0       ; 0         ; 0    ; 0            ; 0          ; |vendingMachine|outputResult:output_result_inst                 ; outputResult   ; work         ;
;       |change_s:change|              ; 6 (6)               ; 0 (0)                     ; 0           ; 0          ; 0            ; 0       ; 0         ; 0    ; 0            ; 0          ; |vendingMachine|outputResult:output_result_inst|change_s:change ; change_s       ; work         ;
;       |seven_seg:seven|              ; 7 (7)               ; 0 (0)                     ; 0           ; 0          ; 0            ; 0       ; 0         ; 0    ; 0            ; 0          ; |vendingMachine|outputResult:output_result_inst|seven_seg:seven ; seven_seg      ; work         ;
;    |state:stateInst|                 ; 15 (15)             ; 0 (0)                     ; 0           ; 0          ; 0            ; 0       ; 0         ; 0    ; 0            ; 0          ; |vendingMachine|state:stateInst                                 ; state          ; work         ;
+--------------------------------------+---------------------+---------------------------+-------------+------------+--------------+---------+-----------+------+--------------+------------+-----------------------------------------------------------------+----------------+--------------+
Note: For table entries with two numbers listed, the numbers in parentheses indicate the number of resources of the given type used by the specific entity alone. The numbers listed outside of parentheses indicate the total resources of the given type used by the specific entity and all of its sub-entities in the hierarchy.


+------------------------------------------------------+
; General Register Statistics                          ;
+----------------------------------------------+-------+
; Statistic                                    ; Value ;
+----------------------------------------------+-------+
; Total registers                              ; 55    ;
; Number of registers using Synchronous Clear  ; 49    ;
; Number of registers using Synchronous Load   ; 0     ;
; Number of registers using Asynchronous Clear ; 4     ;
; Number of registers using Asynchronous Load  ; 0     ;
; Number of registers using Clock Enable       ; 0     ;
; Number of registers using Preset             ; 0     ;
+----------------------------------------------+-------+


+------------------------------------------------------------------------------------------------------------------------------------------------------------+
; Multiplexer Restructuring Statistics (Restructuring Performed)                                                                                             ;
+--------------------+-----------+---------------+----------------------+------------------------+------------+----------------------------------------------+
; Multiplexer Inputs ; Bus Width ; Baseline Area ; Area if Restructured ; Saving if Restructured ; Registered ; Example Multiplexer Output                   ;
+--------------------+-----------+---------------+----------------------+------------------------+------------+----------------------------------------------+
; 3:1                ; 2 bits    ; 4 LEs         ; 4 LEs                ; 0 LEs                  ; No         ; |vendingMachine|encoder:enc|encoded_value[1] ;
+--------------------+-----------+---------------+----------------------+------------------------+------------+----------------------------------------------+


+------------------------------------------------------------------+
; Parameter Settings for User Entity Instance: debouncer:clock_clk ;
+----------------+------------------+------------------------------+
; Parameter Name ; Value            ; Type                         ;
+----------------+------------------+------------------------------+
; COMPARE        ; 1100001101010000 ; Unsigned Binary              ;
+----------------+------------------+------------------------------+
Note: In order to hide this table in the UI and the text report file, please set the "Show Parameter Settings in Synthesis Report" option in "Analysis and Synthesis Settings -> More Settings" to "Off".


+----------------------------------------------------------------+
; Parameter Settings for User Entity Instance: debouncer:reset_d ;
+----------------+------------------+----------------------------+
; Parameter Name ; Value            ; Type                       ;
+----------------+------------------+----------------------------+
; COMPARE        ; 1100001101010000 ; Unsigned Binary            ;
+----------------+------------------+----------------------------+
Note: In order to hide this table in the UI and the text report file, please set the "Show Parameter Settings in Synthesis Report" option in "Analysis and Synthesis Settings -> More Settings" to "Off".


+------------------------------------------------------------------------------+
; Parameter Settings for User Entity Instance: all_dffs:dffs|debouncer:db_inst ;
+----------------+------------------+------------------------------------------+
; Parameter Name ; Value            ; Type                                     ;
+----------------+------------------+------------------------------------------+
; COMPARE        ; 1100001101010000 ; Unsigned Binary                          ;
+----------------+------------------+------------------------------------------+
Note: In order to hide this table in the UI and the text report file, please set the "Show Parameter Settings in Synthesis Report" option in "Analysis and Synthesis Settings -> More Settings" to "Off".


+----------------------------------------------------------------------------------------------------------------+
; Port Connectivity Checks: "change_s:changeDiS"                                                                 ;
+------+--------+----------+-------------------------------------------------------------------------------------+
; Port ; Type   ; Severity ; Details                                                                             ;
+------+--------+----------+-------------------------------------------------------------------------------------+
; S    ; Output ; Info     ; Connected to dangling logic. Logic that only feeds a dangling port will be removed. ;
+------+--------+----------+-------------------------------------------------------------------------------------+


+-----------------------------------------------------------------------------------------------------------------------------------------+
; Port Connectivity Checks: "outputResult:output_result_inst"                                                                             ;
+----------+--------+----------+----------------------------------------------------------------------------------------------------------+
; Port     ; Type   ; Severity ; Details                                                                                                  ;
+----------+--------+----------+----------------------------------------------------------------------------------------------------------+
; florin   ; Output ; Warning  ; Declared by entity but not connected by instance. Logic that only feeds a dangling port will be removed. ;
; florin_c ; Output ; Warning  ; Declared by entity but not connected by instance. Logic that only feeds a dangling port will be removed. ;
; shilling ; Output ; Warning  ; Declared by entity but not connected by instance. Logic that only feeds a dangling port will be removed. ;
; dispense ; Output ; Warning  ; Declared by entity but not connected by instance. Logic that only feeds a dangling port will be removed. ;
+----------+--------+----------+----------------------------------------------------------------------------------------------------------+


+-------------------------------------------------------------------------------------------------------------------------------------+
; Port Connectivity Checks: "all_dffs:dffs|D_FF_neg:D3"                                                                               ;
+------+--------+----------+----------------------------------------------------------------------------------------------------------+
; Port ; Type   ; Severity ; Details                                                                                                  ;
+------+--------+----------+----------------------------------------------------------------------------------------------------------+
; Qb   ; Output ; Warning  ; Declared by entity but not connected by instance. Logic that only feeds a dangling port will be removed. ;
+------+--------+----------+----------------------------------------------------------------------------------------------------------+


+-------------------------------------------------------------------------------------------------------------------------------------+
; Port Connectivity Checks: "all_dffs:dffs|D_FF_neg:D2"                                                                               ;
+------+--------+----------+----------------------------------------------------------------------------------------------------------+
; Port ; Type   ; Severity ; Details                                                                                                  ;
+------+--------+----------+----------------------------------------------------------------------------------------------------------+
; Qb   ; Output ; Warning  ; Declared by entity but not connected by instance. Logic that only feeds a dangling port will be removed. ;
+------+--------+----------+----------------------------------------------------------------------------------------------------------+


+-------------------------------------------------------------------------------------------------------------------------------------+
; Port Connectivity Checks: "all_dffs:dffs|D_FF_neg:D1"                                                                               ;
+------+--------+----------+----------------------------------------------------------------------------------------------------------+
; Port ; Type   ; Severity ; Details                                                                                                  ;
+------+--------+----------+----------------------------------------------------------------------------------------------------------+
; Qb   ; Output ; Warning  ; Declared by entity but not connected by instance. Logic that only feeds a dangling port will be removed. ;
+------+--------+----------+----------------------------------------------------------------------------------------------------------+


+-------------------------------------------------------------------------------------------------------------------------------------+
; Port Connectivity Checks: "all_dffs:dffs|D_FF_neg:D0"                                                                               ;
+------+--------+----------+----------------------------------------------------------------------------------------------------------+
; Port ; Type   ; Severity ; Details                                                                                                  ;
+------+--------+----------+----------------------------------------------------------------------------------------------------------+
; Qb   ; Output ; Warning  ; Declared by entity but not connected by instance. Logic that only feeds a dangling port will be removed. ;
+------+--------+----------+----------------------------------------------------------------------------------------------------------+


+-----------------------------------------------------+
; Post-Synthesis Netlist Statistics for Top Partition ;
+-----------------------+-----------------------------+
; Type                  ; Count                       ;
+-----------------------+-----------------------------+
; boundary_port         ; 28                          ;
; cycloneiii_ff         ; 55                          ;
;     CLR               ; 3                           ;
;     CLR SCLR          ; 1                           ;
;     SCLR              ; 48                          ;
;     plain             ; 3                           ;
; cycloneiii_lcell_comb ; 110                         ;
;     arith             ; 45                          ;
;         2 data inputs ; 45                          ;
;     normal            ; 65                          ;
;         0 data inputs ; 1                           ;
;         1 data inputs ; 14                          ;
;         2 data inputs ; 1                           ;
;         3 data inputs ; 14                          ;
;         4 data inputs ; 35                          ;
;                       ;                             ;
; Max LUT depth         ; 4.00                        ;
; Average LUT depth     ; 2.49                        ;
+-----------------------+-----------------------------+


+-------------------------------+
; Elapsed Time Per Partition    ;
+----------------+--------------+
; Partition Name ; Elapsed Time ;
+----------------+--------------+
; Top            ; 00:00:00     ;
+----------------+--------------+


+-------------------------------+
; Analysis & Synthesis Messages ;
+-------------------------------+
Info: *******************************************************************
Info: Running Quartus Prime Analysis & Synthesis
    Info: Version 23.1std.1 Build 993 05/14/2024 SC Lite Edition
    Info: Processing started: Fri Oct 18 10:39:52 2024
Info: Command: quartus_map --read_settings_files=on --write_settings_files=off vendingMachine -c vendingMachine
Warning (18236): Number of processors has not been specified which may cause overloading on shared machines.  Set the global assignment NUM_PARALLEL_PROCESSORS in your QSF to an appropriate value for best performance.
Info (20030): Parallel compilation is enabled and will use 2 of the 2 processors detected
Info (12021): Found 1 design units, including 1 entities, in source file debouncer.sv
    Info (12023): Found entity 1: debouncer File: D:/project1/debouncer.sv Line: 13
Info (12021): Found 1 design units, including 1 entities, in source file vendingmachine.sv
    Info (12023): Found entity 1: vendingMachine File: D:/project1/vendingMachine.sv Line: 1
Info (12021): Found 1 design units, including 1 entities, in source file encoder.sv
    Info (12023): Found entity 1: encoder File: D:/project1/encoder.sv Line: 1
Info (12021): Found 1 design units, including 1 entities, in source file output_files/seven_seg.sv
    Info (12023): Found entity 1: seven_seg File: D:/project1/output_files/seven_seg.sv Line: 1
Info (12021): Found 1 design units, including 1 entities, in source file output_files/dec416.sv
    Info (12023): Found entity 1: d416 File: D:/project1/output_files/dec416.sv Line: 1
Info (12021): Found 0 design units, including 0 entities, in source file output_files/vendingmachine.sv
Info (12021): Found 1 design units, including 1 entities, in source file state.sv
    Info (12023): Found entity 1: state File: D:/project1/state.sv Line: 1
Info (12021): Found 1 design units, including 1 entities, in source file outputresult.sv
    Info (12023): Found entity 1: outputResult File: D:/project1/outputResult.sv Line: 1
Info (12021): Found 1 design units, including 1 entities, in source file d_ff_neg.sv
    Info (12023): Found entity 1: D_FF_neg File: D:/project1/D_FF_neg.sv Line: 22
Info (12021): Found 1 design units, including 1 entities, in source file change_s.sv
    Info (12023): Found entity 1: change_s File: D:/project1/change_s.sv Line: 1
Info (12021): Found 1 design units, including 1 entities, in source file grueld416.sv
    Info (12023): Found entity 1: grueld416 File: D:/project1/grueld416.sv Line: 1
Info (12021): Found 1 design units, including 1 entities, in source file all_dffs.sv
    Info (12023): Found entity 1: all_dffs File: D:/project1/all_dffs.sv Line: 1
Info (12021): Found 1 design units, including 1 entities, in source file statedisplay.sv
    Info (12023): Found entity 1: stateDisplay File: D:/project1/stateDisplay.sv Line: 1
Info (12127): Elaborating entity "vendingMachine" for the top level hierarchy
Warning (10034): Output port "florin_Change" at vendingMachine.sv(9) has no driver File: D:/project1/vendingMachine.sv Line: 9
Warning (10034): Output port "florin_change2" at vendingMachine.sv(10) has no driver File: D:/project1/vendingMachine.sv Line: 10
Warning (10034): Output port "shilling_Change" at vendingMachine.sv(11) has no driver File: D:/project1/vendingMachine.sv Line: 11
Info (12128): Elaborating entity "debouncer" for hierarchy "debouncer:clock_clk" File: D:/project1/vendingMachine.sv Line: 24
Info (12128): Elaborating entity "encoder" for hierarchy "encoder:enc" File: D:/project1/vendingMachine.sv Line: 28
Info (12128): Elaborating entity "state" for hierarchy "state:stateInst" File: D:/project1/vendingMachine.sv Line: 35
Info (12128): Elaborating entity "all_dffs" for hierarchy "all_dffs:dffs" File: D:/project1/vendingMachine.sv Line: 44
Info (12128): Elaborating entity "D_FF_neg" for hierarchy "all_dffs:dffs|D_FF_neg:D0" File: D:/project1/all_dffs.sv Line: 24
Info (12128): Elaborating entity "grueld416" for hierarchy "grueld416:decoder_inst" File: D:/project1/vendingMachine.sv Line: 55
Info (12128): Elaborating entity "outputResult" for hierarchy "outputResult:output_result_inst" File: D:/project1/vendingMachine.sv Line: 62
Warning (10034): Output port "florin" at outputResult.sv(5) has no driver File: D:/project1/outputResult.sv Line: 5
Warning (10034): Output port "florin_c" at outputResult.sv(6) has no driver File: D:/project1/outputResult.sv Line: 6
Warning (10034): Output port "shilling" at outputResult.sv(7) has no driver File: D:/project1/outputResult.sv Line: 7
Warning (10034): Output port "dispense" at outputResult.sv(9) has no driver File: D:/project1/outputResult.sv Line: 9
Info (12128): Elaborating entity "seven_seg" for hierarchy "outputResult:output_result_inst|seven_seg:seven" File: D:/project1/outputResult.sv Line: 14
Info (12128): Elaborating entity "d416" for hierarchy "outputResult:output_result_inst|seven_seg:seven|d416:decode" File: D:/project1/output_files/seven_seg.sv Line: 15
Info (12128): Elaborating entity "change_s" for hierarchy "outputResult:output_result_inst|change_s:change" File: D:/project1/outputResult.sv Line: 19
Warning (12241): 5 hierarchies have connectivity warnings - see the Connectivity Checks report folder
Warning (13024): Output pins are stuck at VCC or GND
    Warning (13410): Pin "florin_Change" is stuck at GND File: D:/project1/vendingMachine.sv Line: 9
    Warning (13410): Pin "florin_change2" is stuck at GND File: D:/project1/vendingMachine.sv Line: 10
    Warning (13410): Pin "shilling_Change" is stuck at GND File: D:/project1/vendingMachine.sv Line: 11
Info (286030): Timing-Driven Synthesis is running
Info (16010): Generating hard_block partition "hard_block:auto_generated_inst"
    Info (16011): Adding 0 node(s), including 0 DDIO, 0 PLL, 0 transceiver and 0 LCELL
Info (21057): Implemented 126 device resources after synthesis - the final resource count might be different
    Info (21058): Implemented 6 input pins
    Info (21059): Implemented 22 output pins
    Info (21061): Implemented 98 logic cells
Info: Quartus Prime Analysis & Synthesis was successful. 0 errors, 13 warnings
    Info: Peak virtual memory: 4738 megabytes
    Info: Processing ended: Fri Oct 18 10:40:04 2024
    Info: Elapsed time: 00:00:12
    Info: Total CPU time (on all processors): 00:00:19


